#
# A fatal error has been detected by the Java Runtime Environment:
#
#  EXCEPTION_ACCESS_VIOLATION (0xc0000005) at pc=0x0000000058303c8c, pid=9588, tid=13412
#
# JRE version: Java(TM) SE Runtime Environment (9.0+11) (build 9.0.4+11)
# Java VM: Java HotSpot(TM) 64-Bit Server VM (9.0.4+11, mixed mode, tiered, compressed oops, g1 gc, windows-amd64)
# Problematic frame:
# V  [jvm.dll+0x2f3c8c]
#
# No core dump will be written. Minidumps are not enabled by default on client versions of Windows
#
# If you would like to submit a bug report, please visit:
#   http://bugreport.java.com/bugreport/crash.jsp
#

---------------  S U M M A R Y ------------

Command Line: -agentlib:jdwp=transport=dt_socket,address=127.0.0.1:57682,suspend=y,server=n -Dfile.encoding=UTF-8 com.company.Main

Host: Intel(R) Core(TM) i5-6267U CPU @ 2.90GHz, 4 cores, 7G,  Windows 10 , 64 bit Build 16299 (10.0.16299.15)
Time: Sun Mar 18 15:30:17 2018 Rom, normaltid elapsed time: 16245 seconds (0d 4h 30m 45s)

---------------  T H R E A D  ---------------

Current thread (0x000001bcac66d000):  VMThread "VM Thread" [stack: 0x000000879ef00000,0x000000879f000000] [id=13412]

Stack: [0x000000879ef00000,0x000000879f000000],  sp=0x000000879effeef0,  free space=1019k
Native frames: (J=compiled Java code, j=interpreted, Vv=VM code, C=native code)
V  [jvm.dll+0x2f3c8c]
V  [jvm.dll+0x2f5fe0]
V  [jvm.dll+0x2f666e]
V  [jvm.dll+0x2f3e55]
V  [jvm.dll+0x2f3293]
V  [jvm.dll+0x5784ff]
V  [jvm.dll+0x57880c]
V  [jvm.dll+0x5786b3]
V  [jvm.dll+0x578eac]
V  [jvm.dll+0x5470aa]
V  [jvm.dll+0x465311]
V  [jvm.dll+0x6a366b]
V  [jvm.dll+0x6a1e05]
V  [jvm.dll+0x6a25e1]
V  [jvm.dll+0x6a28cc]
V  [jvm.dll+0x586490]
C  [msvcr120.dll+0x24f7f]
C  [msvcr120.dll+0x25126]
C  [KERNEL32.DLL+0x11fe4]
C  [ntdll.dll+0x6efc1]


siginfo: EXCEPTION_ACCESS_VIOLATION (0xc0000005), reading address 0x0000000000000006


Register to memory mapping:

RIP=0x0000000058303c8c jvm.dll
RAX=0x0000000000000000 is an unknown value
RBX=0x000001bcac190090 is pointing into metadata
RCX=0x0000000000000000 is an unknown value
RDX=0x0000000000000000 is an unknown value
RSP=0x000000879effeef0 is an unknown value
RBP=0x0000000000000001 is an unknown value
RSI=0x00000000589676d8 jvm.dll
RDI=0x000000879efff1a0 is an unknown value
R8 =0x0000000000000000 is an unknown value
R9 =0x000001bcac190090 is pointing into metadata
R10={method} {0x000001bcac190590} 'main' '([Ljava/lang/String;)V' in 'com/company/Main'
R11=0x000000879effef50 is an unknown value
R12=0x000000879efff301 is an unknown value
R13=0x0000000000000000 is an unknown value
R14=0x0000000000000001 is an unknown value
R15=0x0000000000000050 is an unknown value


Registers:
RAX=0x0000000000000000, RBX=0x000001bcac190090, RCX=0x0000000000000000, RDX=0x0000000000000000
RSP=0x000000879effeef0, RBP=0x0000000000000001, RSI=0x00000000589676d8, RDI=0x000000879efff1a0
R8 =0x0000000000000000, R9 =0x000001bcac190090, R10=0x000001bcac190588, R11=0x000000879effef50
R12=0x000000879efff301, R13=0x0000000000000000, R14=0x0000000000000001, R15=0x0000000000000050
RIP=0x0000000058303c8c, EFLAGS=0x0000000000010206

Top of Stack: (sp=0x000000879effeef0)
0x000000879effeef0:   000000000000002f 00000000583075ed
0x000000879effef00:   000000879efff108 000001bcac190588
0x000000879effef10:   0000008700000000 0000000058225224
0x000000879effef20:   8fffffff46000034 8fffffff8fffffff
0x000000879effef30:   00001477cc2c4264 00001477cc2c4394
0x000000879effef40:   0000000000000002 000000879effefe0
0x000000879effef50:   000000879efff1a0 0000000058305fe0
0x000000879effef60:   000000879efff1a0 000000000000003c
0x000000879effef70:   0000000000000001 0000000000000002
0x000000879effef80:   000000000000003c 000000879efff301
0x000000879effef90:   0000000000000050 0000000000000055
0x000000879effefa0:   000001bcac605500 000000005830666e
0x000000879effefb0:   000000879efff1a0 000000879efff010
0x000000879effefc0:   0000000000000002 000001bcac605500
0x000000879effefd0:   0000000000006001 0000000058308571
0x000000879effefe0:   000001bcac190588 000001bcac66d000 

Instructions: (pc=0x0000000058303c8c)
0x0000000058303c6c:   8b cb e8 ad 3d f2 ff 48 8b cb 8b d0 e8 a3 5f f2
0x0000000058303c7c:   ff 48 8d 35 54 3a 66 00 48 63 c8 48 8b 44 cb 48
0x0000000058303c8c:   0f b6 48 06 8b 05 3e 3a 66 00 80 f9 4c 74 2b 80
0x0000000058303c9c:   f9 5b 74 26 80 f9 4a 74 18 80 f9 44 74 13 48 8d 


VM_Operation (0x000000879f9ff640): GetOrSetLocal, mode: safepoint, requested by thread 0x000001bcac9ce000


---------------  P R O C E S S  ---------------

Java Threads: ( => current thread )
  0x000001bcac9f3800 JavaThread "Service Thread" daemon [_thread_blocked, id=6868, stack(0x000000879fc00000,0x000000879fd00000)]
  0x000001bcac9d2800 JavaThread "JDWP Command Reader" daemon [_thread_in_native, id=9960, stack(0x000000879fb00000,0x000000879fc00000)]
  0x000001bcac9d1800 JavaThread "JDWP Event Helper Thread" daemon [_thread_blocked, id=1148, stack(0x000000879fa00000,0x000000879fb00000)]
  0x000001bcac9ce000 JavaThread "JDWP Transport Listener: dt_socket" daemon [_thread_blocked, id=11012, stack(0x000000879f900000,0x000000879fa00000)]
  0x000001bcac774800 JavaThread "Common-Cleaner" daemon [_thread_blocked, id=1212, stack(0x000000879f800000,0x000000879f900000)]
  0x000001bcac74c800 JavaThread "Sweeper thread" daemon [_thread_blocked, id=14680, stack(0x000000879f700000,0x000000879f800000)]
  0x000001bcac710800 JavaThread "C1 CompilerThread2" daemon [_thread_blocked, id=13960, stack(0x000000879f600000,0x000000879f700000)]
  0x000001bcac6da800 JavaThread "C2 CompilerThread1" daemon [_thread_blocked, id=9540, stack(0x000000879f500000,0x000000879f600000)]
  0x000001bcac6d0000 JavaThread "C2 CompilerThread0" daemon [_thread_blocked, id=11564, stack(0x000000879f400000,0x000000879f500000)]
  0x000001bcac6ce800 JavaThread "Attach Listener" daemon [_thread_blocked, id=8652, stack(0x000000879f300000,0x000000879f400000)]
  0x000001bcac6cc800 JavaThread "Signal Dispatcher" daemon [_thread_blocked, id=7448, stack(0x000000879f200000,0x000000879f300000)]
  0x000001bcac679800 JavaThread "Finalizer" daemon [_thread_blocked, id=1648, stack(0x000000879f100000,0x000000879f200000)]
  0x000001bcac670000 JavaThread "Reference Handler" daemon [_thread_blocked, id=924, stack(0x000000879f000000,0x000000879f100000)]
  0x000001bc89440800 JavaThread "main" [_thread_blocked, id=9932, stack(0x000000879e300000,0x000000879e400000)]

Other Threads:
=>0x000001bcac66d000 VMThread "VM Thread" [stack: 0x000000879ef00000,0x000000879f000000] [id=13412]
  0x000001bcac9f5000 WatcherThread [stack: 0x000000879fd00000,0x000000879fe00000] [id=4808]
  0x000001bc89457800 GCTaskThread "GC Thread#0" [stack: 0x000000879e400000,0x000000879e500000] [id=12860]
  0x000001bc89459000 GCTaskThread "GC Thread#1" [stack: 0x000000879e500000,0x000000879e600000] [id=1884]
  0x000001bc8945a800 GCTaskThread "GC Thread#2" [stack: 0x000000879e600000,0x000000879e700000] [id=2084]
  0x000001bc8945d800 GCTaskThread "GC Thread#3" [stack: 0x000000879e700000,0x000000879e800000] [id=14028]
  0x000001bc894e2000 ConcurrentGCThread "G1 Main Marker" [stack: 0x000000879ed00000,0x000000879ee00000] [id=8612]
  0x000001bc894e3000 ConcurrentGCThread "G1 Marker#0" [stack: 0x000000879ee00000,0x000000879ef00000] [id=2412]
  0x000001bc89472000 ConcurrentGCThread "G1 Refine#0" [stack: 0x000000879eb00000,0x000000879ec00000] [id=7836]
  0x000001bc89475800 ConcurrentGCThread "G1 Refine#1" [stack: 0x000000879ea00000,0x000000879eb00000] [id=1704]
  0x000001bc89475000 ConcurrentGCThread "G1 Refine#2" [stack: 0x000000879e900000,0x000000879ea00000] [id=9116]
  0x000001bc8946b000 ConcurrentGCThread "G1 Refine#3" [stack: 0x000000879e800000,0x000000879e900000] [id=13152]
  0x000001bc8947b800 ConcurrentGCThread "G1 Young RemSet Sampling" [stack: 0x000000879ec00000,0x000000879ed00000] [id=4080]

Threads with active compile tasks:

VM state:at safepoint (normal execution)

VM Mutex/Monitor currently owned by a thread:  ([mutex/lock_event])
[0x000001bc8943f990] Threads_lock - owner thread: 0x000001bcac66d000

Heap address: 0x0000000082600000, size: 2010 MB, Compressed Oops mode: 32-bit
Narrow klass base: 0x0000000000000000, Narrow klass shift: 3
Compressed class space size: 1073741824 Address: 0x0000000100000000

Heap:
 garbage-first heap   total 129024K, used 4096K [0x0000000082600000, 0x00000000827003f0, 0x0000000100000000)
  region size 1024K, 5 young (5120K), 0 survivors (0K)
 Metaspace       used 5950K, capacity 6048K, committed 6272K, reserved 1056768K
  class space    used 562K, capacity 592K, committed 640K, reserved 1048576K
Heap Regions: E=young(eden), S=young(survivor), O=old, HS=humongous(starts), HC=humongous(continues), CS=collection set, F=free, A=archive, TS=gc time stamp, AC=allocation context, TAMS=top-at-mark-start (previous, next)
|   0|0x0000000082600000, 0x0000000082600000, 0x0000000082700000|  0%| F|  |TS  0|AC  0|TAMS 0x0000000082600000, 0x0000000082600000|
|   1|0x0000000082700000, 0x0000000082700000, 0x0000000082800000|  0%| F|  |TS  0|AC  0|TAMS 0x0000000082700000, 0x0000000082700000|
|   2|0x0000000082800000, 0x0000000082800000, 0x0000000082900000|  0%| F|  |TS  0|AC  0|TAMS 0x0000000082800000, 0x0000000082800000|
|   3|0x0000000082900000, 0x0000000082900000, 0x0000000082a00000|  0%| F|  |TS  0|AC  0|TAMS 0x0000000082900000, 0x0000000082900000|
|   4|0x0000000082a00000, 0x0000000082a00000, 0x0000000082b00000|  0%| F|  |TS  0|AC  0|TAMS 0x0000000082a00000, 0x0000000082a00000|
|   5|0x0000000082b00000, 0x0000000082b00000, 0x0000000082c00000|  0%| F|  |TS  0|AC  0|TAMS 0x0000000082b00000, 0x0000000082b00000|
|   6|0x0000000082c00000, 0x0000000082c00000, 0x0000000082d00000|  0%| F|  |TS  0|AC  0|TAMS 0x0000000082c00000, 0x0000000082c00000|
|   7|0x0000000082d00000, 0x0000000082d00000, 0x0000000082e00000|  0%| F|  |TS  0|AC  0|TAMS 0x0000000082d00000, 0x0000000082d00000|
|   8|0x0000000082e00000, 0x0000000082e00000, 0x0000000082f00000|  0%| F|  |TS  0|AC  0|TAMS 0x0000000082e00000, 0x0000000082e00000|
|   9|0x0000000082f00000, 0x0000000082f00000, 0x0000000083000000|  0%| F|  |TS  0|AC  0|TAMS 0x0000000082f00000, 0x0000000082f00000|
|  10|0x0000000083000000, 0x0000000083000000, 0x0000000083100000|  0%| F|  |TS  0|AC  0|TAMS 0x0000000083000000, 0x0000000083000000|
|  11|0x0000000083100000, 0x0000000083100000, 0x0000000083200000|  0%| F|  |TS  0|AC  0|TAMS 0x0000000083100000, 0x0000000083100000|
|  12|0x0000000083200000, 0x0000000083200000, 0x0000000083300000|  0%| F|  |TS  0|AC  0|TAMS 0x0000000083200000, 0x0000000083200000|
|  13|0x0000000083300000, 0x0000000083300000, 0x0000000083400000|  0%| F|  |TS  0|AC  0|TAMS 0x0000000083300000, 0x0000000083300000|
|  14|0x0000000083400000, 0x0000000083400000, 0x0000000083500000|  0%| F|  |TS  0|AC  0|TAMS 0x0000000083400000, 0x0000000083400000|
|  15|0x0000000083500000, 0x0000000083500000, 0x0000000083600000|  0%| F|  |TS  0|AC  0|TAMS 0x0000000083500000, 0x0000000083500000|
|  16|0x0000000083600000, 0x0000000083600000, 0x0000000083700000|  0%| F|  |TS  0|AC  0|TAMS 0x0000000083600000, 0x0000000083600000|
|  17|0x0000000083700000, 0x0000000083700000, 0x0000000083800000|  0%| F|  |TS  0|AC  0|TAMS 0x0000000083700000, 0x0000000083700000|
|  18|0x0000000083800000, 0x0000000083800000, 0x0000000083900000|  0%| F|  |TS  0|AC  0|TAMS 0x0000000083800000, 0x0000000083800000|
|  19|0x0000000083900000, 0x0000000083900000, 0x0000000083a00000|  0%| F|  |TS  0|AC  0|TAMS 0x0000000083900000, 0x0000000083900000|
|  20|0x0000000083a00000, 0x0000000083a00000, 0x0000000083b00000|  0%| F|  |TS  0|AC  0|TAMS 0x0000000083a00000, 0x0000000083a00000|
|  21|0x0000000083b00000, 0x0000000083b00000, 0x0000000083c00000|  0%| F|  |TS  0|AC  0|TAMS 0x0000000083b00000, 0x0000000083b00000|
|  22|0x0000000083c00000, 0x0000000083c00000, 0x0000000083d00000|  0%| F|  |TS  0|AC  0|TAMS 0x0000000083c00000, 0x0000000083c00000|
|  23|0x0000000083d00000, 0x0000000083d00000, 0x0000000083e00000|  0%| F|  |TS  0|AC  0|TAMS 0x0000000083d00000, 0x0000000083d00000|
|  24|0x0000000083e00000, 0x0000000083e00000, 0x0000000083f00000|  0%| F|  |TS  0|AC  0|TAMS 0x0000000083e00000, 0x0000000083e00000|
|  25|0x0000000083f00000, 0x0000000083f00000, 0x0000000084000000|  0%| F|  |TS  0|AC  0|TAMS 0x0000000083f00000, 0x0000000083f00000|
|  26|0x0000000084000000, 0x0000000084000000, 0x0000000084100000|  0%| F|  |TS  0|AC  0|TAMS 0x0000000084000000, 0x0000000084000000|
|  27|0x0000000084100000, 0x0000000084100000, 0x0000000084200000|  0%| F|  |TS  0|AC  0|TAMS 0x0000000084100000, 0x0000000084100000|
|  28|0x0000000084200000, 0x0000000084200000, 0x0000000084300000|  0%| F|  |TS  0|AC  0|TAMS 0x0000000084200000, 0x0000000084200000|
|  29|0x0000000084300000, 0x0000000084300000, 0x0000000084400000|  0%| F|  |TS  0|AC  0|TAMS 0x0000000084300000, 0x0000000084300000|
|  30|0x0000000084400000, 0x0000000084400000, 0x0000000084500000|  0%| F|  |TS  0|AC  0|TAMS 0x0000000084400000, 0x0000000084400000|
|  31|0x0000000084500000, 0x0000000084500000, 0x0000000084600000|  0%| F|  |TS  0|AC  0|TAMS 0x0000000084500000, 0x0000000084500000|
|  32|0x0000000084600000, 0x0000000084600000, 0x0000000084700000|  0%| F|  |TS  0|AC  0|TAMS 0x0000000084600000, 0x0000000084600000|
|  33|0x0000000084700000, 0x0000000084700000, 0x0000000084800000|  0%| F|  |TS  0|AC  0|TAMS 0x0000000084700000, 0x0000000084700000|
|  34|0x0000000084800000, 0x0000000084800000, 0x0000000084900000|  0%| F|  |TS  0|AC  0|TAMS 0x0000000084800000, 0x0000000084800000|
|  35|0x0000000084900000, 0x0000000084900000, 0x0000000084a00000|  0%| F|  |TS  0|AC  0|TAMS 0x0000000084900000, 0x0000000084900000|
|  36|0x0000000084a00000, 0x0000000084a00000, 0x0000000084b00000|  0%| F|  |TS  0|AC  0|TAMS 0x0000000084a00000, 0x0000000084a00000|
|  37|0x0000000084b00000, 0x0000000084b00000, 0x0000000084c00000|  0%| F|  |TS  0|AC  0|TAMS 0x0000000084b00000, 0x0000000084b00000|
|  38|0x0000000084c00000, 0x0000000084c00000, 0x0000000084d00000|  0%| F|  |TS  0|AC  0|TAMS 0x0000000084c00000, 0x0000000084c00000|
|  39|0x0000000084d00000, 0x0000000084d00000, 0x0000000084e00000|  0%| F|  |TS  0|AC  0|TAMS 0x0000000084d00000, 0x0000000084d00000|
|  40|0x0000000084e00000, 0x0000000084e00000, 0x0000000084f00000|  0%| F|  |TS  0|AC  0|TAMS 0x0000000084e00000, 0x0000000084e00000|
|  41|0x0000000084f00000, 0x0000000084f00000, 0x0000000085000000|  0%| F|  |TS  0|AC  0|TAMS 0x0000000084f00000, 0x0000000084f00000|
|  42|0x0000000085000000, 0x0000000085000000, 0x0000000085100000|  0%| F|  |TS  0|AC  0|TAMS 0x0000000085000000, 0x0000000085000000|
|  43|0x0000000085100000, 0x0000000085100000, 0x0000000085200000|  0%| F|  |TS  0|AC  0|TAMS 0x0000000085100000, 0x0000000085100000|
|  44|0x0000000085200000, 0x0000000085200000, 0x0000000085300000|  0%| F|  |TS  0|AC  0|TAMS 0x0000000085200000, 0x0000000085200000|
|  45|0x0000000085300000, 0x0000000085300000, 0x0000000085400000|  0%| F|  |TS  0|AC  0|TAMS 0x0000000085300000, 0x0000000085300000|
|  46|0x0000000085400000, 0x0000000085400000, 0x0000000085500000|  0%| F|  |TS  0|AC  0|TAMS 0x0000000085400000, 0x0000000085400000|
|  47|0x0000000085500000, 0x0000000085500000, 0x0000000085600000|  0%| F|  |TS  0|AC  0|TAMS 0x0000000085500000, 0x0000000085500000|
|  48|0x0000000085600000, 0x0000000085600000, 0x0000000085700000|  0%| F|  |TS  0|AC  0|TAMS 0x0000000085600000, 0x0000000085600000|
|  49|0x0000000085700000, 0x0000000085700000, 0x0000000085800000|  0%| F|  |TS  0|AC  0|TAMS 0x0000000085700000, 0x0000000085700000|
|  50|0x0000000085800000, 0x0000000085800000, 0x0000000085900000|  0%| F|  |TS  0|AC  0|TAMS 0x0000000085800000, 0x0000000085800000|
|  51|0x0000000085900000, 0x0000000085900000, 0x0000000085a00000|  0%| F|  |TS  0|AC  0|TAMS 0x0000000085900000, 0x0000000085900000|
|  52|0x0000000085a00000, 0x0000000085a00000, 0x0000000085b00000|  0%| F|  |TS  0|AC  0|TAMS 0x0000000085a00000, 0x0000000085a00000|
|  53|0x0000000085b00000, 0x0000000085b00000, 0x0000000085c00000|  0%| F|  |TS  0|AC  0|TAMS 0x0000000085b00000, 0x0000000085b00000|
|  54|0x0000000085c00000, 0x0000000085c00000, 0x0000000085d00000|  0%| F|  |TS  0|AC  0|TAMS 0x0000000085c00000, 0x0000000085c00000|
|  55|0x0000000085d00000, 0x0000000085d00000, 0x0000000085e00000|  0%| F|  |TS  0|AC  0|TAMS 0x0000000085d00000, 0x0000000085d00000|
|  56|0x0000000085e00000, 0x0000000085e00000, 0x0000000085f00000|  0%| F|  |TS  0|AC  0|TAMS 0x0000000085e00000, 0x0000000085e00000|
|  57|0x0000000085f00000, 0x0000000085f00000, 0x0000000086000000|  0%| F|  |TS  0|AC  0|TAMS 0x0000000085f00000, 0x0000000085f00000|
|  58|0x0000000086000000, 0x0000000086000000, 0x0000000086100000|  0%| F|  |TS  0|AC  0|TAMS 0x0000000086000000, 0x0000000086000000|
|  59|0x0000000086100000, 0x0000000086100000, 0x0000000086200000|  0%| F|  |TS  0|AC  0|TAMS 0x0000000086100000, 0x0000000086100000|
|  60|0x0000000086200000, 0x0000000086200000, 0x0000000086300000|  0%| F|  |TS  0|AC  0|TAMS 0x0000000086200000, 0x0000000086200000|
|  61|0x0000000086300000, 0x0000000086300000, 0x0000000086400000|  0%| F|  |TS  0|AC  0|TAMS 0x0000000086300000, 0x0000000086300000|
|  62|0x0000000086400000, 0x0000000086400000, 0x0000000086500000|  0%| F|  |TS  0|AC  0|TAMS 0x0000000086400000, 0x0000000086400000|
|  63|0x0000000086500000, 0x0000000086500000, 0x0000000086600000|  0%| F|  |TS  0|AC  0|TAMS 0x0000000086500000, 0x0000000086500000|
|  64|0x0000000086600000, 0x0000000086600000, 0x0000000086700000|  0%| F|  |TS  0|AC  0|TAMS 0x0000000086600000, 0x0000000086600000|
|  65|0x0000000086700000, 0x0000000086700000, 0x0000000086800000|  0%| F|  |TS  0|AC  0|TAMS 0x0000000086700000, 0x0000000086700000|
|  66|0x0000000086800000, 0x0000000086800000, 0x0000000086900000|  0%| F|  |TS  0|AC  0|TAMS 0x0000000086800000, 0x0000000086800000|
|  67|0x0000000086900000, 0x0000000086900000, 0x0000000086a00000|  0%| F|  |TS  0|AC  0|TAMS 0x0000000086900000, 0x0000000086900000|
|  68|0x0000000086a00000, 0x0000000086a00000, 0x0000000086b00000|  0%| F|  |TS  0|AC  0|TAMS 0x0000000086a00000, 0x0000000086a00000|
|  69|0x0000000086b00000, 0x0000000086b00000, 0x0000000086c00000|  0%| F|  |TS  0|AC  0|TAMS 0x0000000086b00000, 0x0000000086b00000|
|  70|0x0000000086c00000, 0x0000000086c00000, 0x0000000086d00000|  0%| F|  |TS  0|AC  0|TAMS 0x0000000086c00000, 0x0000000086c00000|
|  71|0x0000000086d00000, 0x0000000086d00000, 0x0000000086e00000|  0%| F|  |TS  0|AC  0|TAMS 0x0000000086d00000, 0x0000000086d00000|
|  72|0x0000000086e00000, 0x0000000086e00000, 0x0000000086f00000|  0%| F|  |TS  0|AC  0|TAMS 0x0000000086e00000, 0x0000000086e00000|
|  73|0x0000000086f00000, 0x0000000086f00000, 0x0000000087000000|  0%| F|  |TS  0|AC  0|TAMS 0x0000000086f00000, 0x0000000086f00000|
|  74|0x0000000087000000, 0x0000000087000000, 0x0000000087100000|  0%| F|  |TS  0|AC  0|TAMS 0x0000000087000000, 0x0000000087000000|
|  75|0x0000000087100000, 0x0000000087100000, 0x0000000087200000|  0%| F|  |TS  0|AC  0|TAMS 0x0000000087100000, 0x0000000087100000|
|  76|0x0000000087200000, 0x0000000087200000, 0x0000000087300000|  0%| F|  |TS  0|AC  0|TAMS 0x0000000087200000, 0x0000000087200000|
|  77|0x0000000087300000, 0x0000000087300000, 0x0000000087400000|  0%| F|  |TS  0|AC  0|TAMS 0x0000000087300000, 0x0000000087300000|
|  78|0x0000000087400000, 0x0000000087400000, 0x0000000087500000|  0%| F|  |TS  0|AC  0|TAMS 0x0000000087400000, 0x0000000087400000|
|  79|0x0000000087500000, 0x0000000087500000, 0x0000000087600000|  0%| F|  |TS  0|AC  0|TAMS 0x0000000087500000, 0x0000000087500000|
|  80|0x0000000087600000, 0x0000000087600000, 0x0000000087700000|  0%| F|  |TS  0|AC  0|TAMS 0x0000000087600000, 0x0000000087600000|
|  81|0x0000000087700000, 0x0000000087700000, 0x0000000087800000|  0%| F|  |TS  0|AC  0|TAMS 0x0000000087700000, 0x0000000087700000|
|  82|0x0000000087800000, 0x0000000087800000, 0x0000000087900000|  0%| F|  |TS  0|AC  0|TAMS 0x0000000087800000, 0x0000000087800000|
|  83|0x0000000087900000, 0x0000000087900000, 0x0000000087a00000|  0%| F|  |TS  0|AC  0|TAMS 0x0000000087900000, 0x0000000087900000|
|  84|0x0000000087a00000, 0x0000000087a00000, 0x0000000087b00000|  0%| F|  |TS  0|AC  0|TAMS 0x0000000087a00000, 0x0000000087a00000|
|  85|0x0000000087b00000, 0x0000000087b00000, 0x0000000087c00000|  0%| F|  |TS  0|AC  0|TAMS 0x0000000087b00000, 0x0000000087b00000|
|  86|0x0000000087c00000, 0x0000000087c00000, 0x0000000087d00000|  0%| F|  |TS  0|AC  0|TAMS 0x0000000087c00000, 0x0000000087c00000|
|  87|0x0000000087d00000, 0x0000000087d00000, 0x0000000087e00000|  0%| F|  |TS  0|AC  0|TAMS 0x0000000087d00000, 0x0000000087d00000|
|  88|0x0000000087e00000, 0x0000000087e00000, 0x0000000087f00000|  0%| F|  |TS  0|AC  0|TAMS 0x0000000087e00000, 0x0000000087e00000|
|  89|0x0000000087f00000, 0x0000000087f00000, 0x0000000088000000|  0%| F|  |TS  0|AC  0|TAMS 0x0000000087f00000, 0x0000000087f00000|
|  90|0x0000000088000000, 0x0000000088000000, 0x0000000088100000|  0%| F|  |TS  0|AC  0|TAMS 0x0000000088000000, 0x0000000088000000|
|  91|0x0000000088100000, 0x0000000088100000, 0x0000000088200000|  0%| F|  |TS  0|AC  0|TAMS 0x0000000088100000, 0x0000000088100000|
|  92|0x0000000088200000, 0x0000000088200000, 0x0000000088300000|  0%| F|  |TS  0|AC  0|TAMS 0x0000000088200000, 0x0000000088200000|
|  93|0x0000000088300000, 0x0000000088300000, 0x0000000088400000|  0%| F|  |TS  0|AC  0|TAMS 0x0000000088300000, 0x0000000088300000|
|  94|0x0000000088400000, 0x0000000088400000, 0x0000000088500000|  0%| F|  |TS  0|AC  0|TAMS 0x0000000088400000, 0x0000000088400000|
|  95|0x0000000088500000, 0x0000000088500000, 0x0000000088600000|  0%| F|  |TS  0|AC  0|TAMS 0x0000000088500000, 0x0000000088500000|
|  96|0x0000000088600000, 0x0000000088600000, 0x0000000088700000|  0%| F|  |TS  0|AC  0|TAMS 0x0000000088600000, 0x0000000088600000|
|  97|0x0000000088700000, 0x0000000088700000, 0x0000000088800000|  0%| F|  |TS  0|AC  0|TAMS 0x0000000088700000, 0x0000000088700000|
|  98|0x0000000088800000, 0x0000000088800000, 0x0000000088900000|  0%| F|  |TS  0|AC  0|TAMS 0x0000000088800000, 0x0000000088800000|
|  99|0x0000000088900000, 0x0000000088900000, 0x0000000088a00000|  0%| F|  |TS  0|AC  0|TAMS 0x0000000088900000, 0x0000000088900000|
| 100|0x0000000088a00000, 0x0000000088a00000, 0x0000000088b00000|  0%| F|  |TS  0|AC  0|TAMS 0x0000000088a00000, 0x0000000088a00000|
| 101|0x0000000088b00000, 0x0000000088b00000, 0x0000000088c00000|  0%| F|  |TS  0|AC  0|TAMS 0x0000000088b00000, 0x0000000088b00000|
| 102|0x0000000088c00000, 0x0000000088c00000, 0x0000000088d00000|  0%| F|  |TS  0|AC  0|TAMS 0x0000000088c00000, 0x0000000088c00000|
| 103|0x0000000088d00000, 0x0000000088d00000, 0x0000000088e00000|  0%| F|  |TS  0|AC  0|TAMS 0x0000000088d00000, 0x0000000088d00000|
| 104|0x0000000088e00000, 0x0000000088e00000, 0x0000000088f00000|  0%| F|  |TS  0|AC  0|TAMS 0x0000000088e00000, 0x0000000088e00000|
| 105|0x0000000088f00000, 0x0000000088f00000, 0x0000000089000000|  0%| F|  |TS  0|AC  0|TAMS 0x0000000088f00000, 0x0000000088f00000|
| 106|0x0000000089000000, 0x0000000089000000, 0x0000000089100000|  0%| F|  |TS  0|AC  0|TAMS 0x0000000089000000, 0x0000000089000000|
| 107|0x0000000089100000, 0x0000000089100000, 0x0000000089200000|  0%| F|  |TS  0|AC  0|TAMS 0x0000000089100000, 0x0000000089100000|
| 108|0x0000000089200000, 0x0000000089200000, 0x0000000089300000|  0%| F|  |TS  0|AC  0|TAMS 0x0000000089200000, 0x0000000089200000|
| 109|0x0000000089300000, 0x0000000089300000, 0x0000000089400000|  0%| F|  |TS  0|AC  0|TAMS 0x0000000089300000, 0x0000000089300000|
| 110|0x0000000089400000, 0x0000000089400000, 0x0000000089500000|  0%| F|  |TS  0|AC  0|TAMS 0x0000000089400000, 0x0000000089400000|
| 111|0x0000000089500000, 0x0000000089500000, 0x0000000089600000|  0%| F|  |TS  0|AC  0|TAMS 0x0000000089500000, 0x0000000089500000|
| 112|0x0000000089600000, 0x0000000089600000, 0x0000000089700000|  0%| F|  |TS  0|AC  0|TAMS 0x0000000089600000, 0x0000000089600000|
| 113|0x0000000089700000, 0x0000000089700000, 0x0000000089800000|  0%| F|  |TS  0|AC  0|TAMS 0x0000000089700000, 0x0000000089700000|
| 114|0x0000000089800000, 0x0000000089800000, 0x0000000089900000|  0%| F|  |TS  0|AC  0|TAMS 0x0000000089800000, 0x0000000089800000|
| 115|0x0000000089900000, 0x0000000089900000, 0x0000000089a00000|  0%| F|  |TS  0|AC  0|TAMS 0x0000000089900000, 0x0000000089900000|
| 116|0x0000000089a00000, 0x0000000089a00000, 0x0000000089b00000|  0%| F|  |TS  0|AC  0|TAMS 0x0000000089a00000, 0x0000000089a00000|
| 117|0x0000000089b00000, 0x0000000089b00000, 0x0000000089c00000|  0%| F|  |TS  0|AC  0|TAMS 0x0000000089b00000, 0x0000000089b00000|
| 118|0x0000000089c00000, 0x0000000089c00000, 0x0000000089d00000|  0%| F|  |TS  0|AC  0|TAMS 0x0000000089c00000, 0x0000000089c00000|
| 119|0x0000000089d00000, 0x0000000089d00000, 0x0000000089e00000|  0%| F|  |TS  0|AC  0|TAMS 0x0000000089d00000, 0x0000000089d00000|
| 120|0x0000000089e00000, 0x0000000089e00000, 0x0000000089f00000|  0%| F|  |TS  0|AC  0|TAMS 0x0000000089e00000, 0x0000000089e00000|
| 121|0x0000000089f00000, 0x0000000089f90938, 0x000000008a000000| 56%| E|  |TS  0|AC  0|TAMS 0x0000000089f00000, 0x0000000089f00000|
| 122|0x000000008a000000, 0x000000008a100000, 0x000000008a100000|100%| E|CS|TS  0|AC  0|TAMS 0x000000008a000000, 0x000000008a000000|
| 123|0x000000008a100000, 0x000000008a200000, 0x000000008a200000|100%| E|CS|TS  0|AC  0|TAMS 0x000000008a100000, 0x000000008a100000|
| 124|0x000000008a200000, 0x000000008a300000, 0x000000008a300000|100%| E|CS|TS  0|AC  0|TAMS 0x000000008a200000, 0x000000008a200000|
| 125|0x000000008a300000, 0x000000008a400000, 0x000000008a400000|100%| E|CS|TS  0|AC  0|TAMS 0x000000008a300000, 0x000000008a300000|

Card table byte_map: [0x000001bca5190000,0x000001bca5580000] byte_map_base: 0x000001bca4d7d000

Marking Bits (Prev, Next): (CMBitMap*) 0x000001bc894e14c0, (CMBitMap*) 0x000001bc894e14f8
 Prev Bits: [0x000001bca5970000, 0x000001bca78d8000)
 Next Bits: [0x000001bca78e0000, 0x000001bca9848000)

Polling page: 0x000001bc871e0000

CodeHeap 'non-profiled nmethods': size=120064Kb used=87Kb max_used=87Kb free=119976Kb
 bounds [0x000001bc9cf40000, 0x000001bc9d1b0000, 0x000001bca4480000]
CodeHeap 'profiled nmethods': size=120000Kb used=598Kb max_used=598Kb free=119401Kb
 bounds [0x000001bc95a10000, 0x000001bc95c80000, 0x000001bc9cf40000]
CodeHeap 'non-nmethods': size=5696Kb used=1171Kb max_used=1184Kb free=4524Kb
 bounds [0x000001bc95480000, 0x000001bc956f0000, 0x000001bc95a10000]
 total_blobs=690 nmethods=306 adapters=219
 compilation: enabled

Compilation events (10 events):
Event: 0.344 Thread 0x000001bcac710800  304       3       java.util.ArrayList::add (65 bytes)
Event: 0.345 Thread 0x000001bcac710800 nmethod 304 0x000001bc95aa3690 code [0x000001bc95aa38e0, 0x000001bc95aa4210]
Event: 0.345 Thread 0x000001bcac710800  295       3       java.net.URL::<init> (8 bytes)
Event: 0.345 Thread 0x000001bcac710800 nmethod 295 0x000001bc95aa4610 code [0x000001bc95aa47c0, 0x000001bc95aa4970]
Event: 0.345 Thread 0x000001bcac710800  292       3       java.lang.String::indexOf (18 bytes)
Event: 0.345 Thread 0x000001bcac710800 nmethod 292 0x000001bc95aa4a10 code [0x000001bc95aa4be0, 0x000001bc95aa5090]
Event: 0.345 Thread 0x000001bcac710800  293       3       java.lang.ref.Finalizer::register (10 bytes)
Event: 0.346 Thread 0x000001bcac710800 nmethod 293 0x000001bc95aa5210 code [0x000001bc95aa5400, 0x000001bc95aa58f0]
Event: 0.346 Thread 0x000001bcac710800  294       1       java.lang.Package$VersionInfo::access$600 (5 bytes)
Event: 0.346 Thread 0x000001bcac710800 nmethod 294 0x000001bc9cf55a90 code [0x000001bc9cf55c40, 0x000001bc9cf55d38]

GC Heap History (0 events):
No events

Deoptimization events (0 events):
No events

Classes redefined (5 events):
Event: 257.655 Thread 0x000001bcac66d000 redefined class name=com.company.Main, count=1
Event: 15804.023 Thread 0x000001bcac66d000 redefined class name=com.company.Main, count=2
Event: 16118.706 Thread 0x000001bcac66d000 redefined class name=com.company.Main, count=3
Event: 16154.890 Thread 0x000001bcac66d000 redefined class name=com.company.Main, count=4
Event: 16245.903 Thread 0x000001bcac66d000 redefined class name=com.company.Main, count=5

Internal exceptions (0 events):
No events

Events (10 events):
Event: 16154.891 Executing VM operation: GetFrameLocation done
Event: 16245.902 Executing VM operation: RedefineClasses
Event: 16245.904 Executing VM operation: RedefineClasses done
Event: 16245.904 Executing VM operation: GetFrameCount
Event: 16245.904 Executing VM operation: GetFrameCount done
Event: 16245.904 Executing VM operation: GetFrameCount
Event: 16245.904 Executing VM operation: GetFrameCount done
Event: 16245.904 Executing VM operation: GetFrameLocation
Event: 16245.904 Executing VM operation: GetFrameLocation done
Event: 16245.910 Executing VM operation: GetOrSetLocal


Dynamic libraries:
0x00007ff6c14f0000 - 0x00007ff6c152e000 	C:\Program Files\Java\jdk-9.0.4\bin\java.exe
0x00007ffbba150000 - 0x00007ffbba330000 	C:\WINDOWS\SYSTEM32\ntdll.dll
0x00007ffbb9700000 - 0x00007ffbb97ae000 	C:\WINDOWS\System32\KERNEL32.DLL
0x00007ffbb73b0000 - 0x00007ffbb7616000 	C:\WINDOWS\System32\KERNELBASE.dll
0x00007ffbb7be0000 - 0x00007ffbb7c81000 	C:\WINDOWS\System32\ADVAPI32.dll
0x00007ffbb7d40000 - 0x00007ffbb7ddd000 	C:\WINDOWS\System32\msvcrt.dll
0x00007ffbb7a30000 - 0x00007ffbb7a8b000 	C:\WINDOWS\System32\sechost.dll
0x00007ffbb9a30000 - 0x00007ffbb9b4f000 	C:\WINDOWS\System32\RPCRT4.dll
0x00007ffbb7de0000 - 0x00007ffbb7f6f000 	C:\WINDOWS\System32\USER32.dll
0x00007ffbb72e0000 - 0x00007ffbb7300000 	C:\WINDOWS\System32\win32u.dll
0x00007ffbb7d10000 - 0x00007ffbb7d38000 	C:\WINDOWS\System32\GDI32.dll
0x00007ffbb6550000 - 0x00007ffbb66e3000 	C:\WINDOWS\System32\gdi32full.dll
0x00007ffbb6fa0000 - 0x00007ffbb703b000 	C:\WINDOWS\System32\msvcp_win.dll
0x00007ffbb6750000 - 0x00007ffbb6846000 	C:\WINDOWS\System32\ucrtbase.dll
0x00007ffba9900000 - 0x00007ffba9b69000 	C:\WINDOWS\WinSxS\amd64_microsoft.windows.common-controls_6595b64144ccf1df_6.0.16299.251_none_15c7cfda9365a4c7\COMCTL32.dll
0x00007ffbb76c0000 - 0x00007ffbb79c8000 	C:\WINDOWS\System32\combase.dll
0x00007ffbb7260000 - 0x00007ffbb72d2000 	C:\WINDOWS\System32\bcryptPrimitives.dll
0x00007ffbaf320000 - 0x00007ffbaf32a000 	C:\WINDOWS\SYSTEM32\VERSION.dll
0x00007ffbb8110000 - 0x00007ffbb813d000 	C:\WINDOWS\System32\IMM32.DLL
0x00007ffba25a0000 - 0x00007ffba268f000 	C:\Program Files\Java\jdk-9.0.4\bin\msvcr120.dll
0x00007ffb9c9e0000 - 0x00007ffb9ca86000 	C:\Program Files\Java\jdk-9.0.4\bin\msvcp120.dll
0x0000000058010000 - 0x0000000058a35000 	C:\Program Files\Java\jdk-9.0.4\bin\server\jvm.dll
0x00007ffbba0f0000 - 0x00007ffbba0f8000 	C:\WINDOWS\System32\PSAPI.DLL
0x00007ffbb22e0000 - 0x00007ffbb22e9000 	C:\WINDOWS\SYSTEM32\WSOCK32.dll
0x00007ffbb9580000 - 0x00007ffbb95ec000 	C:\WINDOWS\System32\WS2_32.dll
0x00007ffbade70000 - 0x00007ffbade93000 	C:\WINDOWS\SYSTEM32\WINMM.dll
0x00007ffbadcd0000 - 0x00007ffbadcfa000 	C:\WINDOWS\SYSTEM32\WINMMBASE.dll
0x00007ffbb7210000 - 0x00007ffbb725a000 	C:\WINDOWS\System32\cfgmgr32.dll
0x00007ffbb0320000 - 0x00007ffbb032f000 	C:\Program Files\Java\jdk-9.0.4\bin\verify.dll
0x00007ffbb02f0000 - 0x00007ffbb0317000 	C:\Program Files\Java\jdk-9.0.4\bin\java.dll
0x00007ffba3ba0000 - 0x00007ffba3bd6000 	C:\Program Files\Java\jdk-9.0.4\bin\jdwp.dll
0x00007ffbae350000 - 0x00007ffbae366000 	C:\Program Files\Java\jdk-9.0.4\bin\zip.dll
0x00007ffbae2b0000 - 0x00007ffbae2ba000 	C:\Program Files\Java\jdk-9.0.4\bin\jimage.dll
0x00007ffbb8140000 - 0x00007ffbb9576000 	C:\WINDOWS\System32\SHELL32.dll
0x00007ffbb97b0000 - 0x00007ffbb9856000 	C:\WINDOWS\System32\shcore.dll
0x00007ffbb6850000 - 0x00007ffbb6f97000 	C:\WINDOWS\System32\windows.storage.dll
0x00007ffbb79d0000 - 0x00007ffbb7a21000 	C:\WINDOWS\System32\shlwapi.dll
0x00007ffbb64e0000 - 0x00007ffbb64f1000 	C:\WINDOWS\System32\kernel.appcore.dll
0x00007ffbb6500000 - 0x00007ffbb654c000 	C:\WINDOWS\System32\powrprof.dll
0x00007ffbb64c0000 - 0x00007ffbb64db000 	C:\WINDOWS\System32\profapi.dll
0x00007ffba9d50000 - 0x00007ffba9d6a000 	C:\Program Files\Java\jdk-9.0.4\bin\net.dll
0x00007ffbad440000 - 0x00007ffbad51e000 	C:\WINDOWS\SYSTEM32\WINHTTP.dll
0x00007ffbb5cd0000 - 0x00007ffbb5d36000 	C:\WINDOWS\system32\mswsock.dll
0x00007ffba6160000 - 0x00007ffba6171000 	C:\Program Files\Java\jdk-9.0.4\bin\nio.dll
0x00007ffba8970000 - 0x00007ffba897a000 	C:\Program Files\Java\jdk-9.0.4\bin\dt_socket.dll
0x00007ffbb14f0000 - 0x00007ffbb16b8000 	C:\WINDOWS\SYSTEM32\dbghelp.dll

VM Arguments:
jvm_args: -agentlib:jdwp=transport=dt_socket,address=127.0.0.1:57682,suspend=y,server=n -Dfile.encoding=UTF-8 
java_command: com.company.Main
java_class_path (initial): D:\JavaProjects\Project-V2\out\production\Project-V2;D:\JavaProjects\Project-V2\lib\antlr-4.7.1-complete.jar;D:\IntiliJ\IntelliJ IDEA Community Edition 2017.3.5\lib\idea_rt.jar
Launcher Type: SUN_STANDARD

Logging:
Log output configuration:
#0: stdout all=warning uptime,level,tags
#1: stderr all=off uptime,level,tags

Environment Variables:
CLASSPATH=.;D:\download\antlr-4.5.3-complete.jar
PATH=C:\ProgramData\Oracle\Java\javapath;C:\Program Files\ImageMagick-7.0.3-Q16;C:\Program Files (x86)\Intel\iCLS Client\;C:\Program Files\Intel\iCLS Client\;C:\WINDOWS\system32;C:\WINDOWS;C:\WINDOWS\System32\Wbem;C:\WINDOWS\System32\WindowsPowerShell\v1.0\;C:\Program Files (x86)\Intel\Intel(R) Management Engine Components\DAL;C:\Program Files\Intel\Intel(R) Management Engine Components\DAL;C:\Program Files (x86)\Intel\Intel(R) Management Engine Components\IPT;C:\Program Files\Intel\Intel(R) Management Engine Components\IPT;C:\Users\Peter\.dnx\bin;C:\Program Files\Microsoft DNX\Dnvm\;C:\Program Files\Microsoft SQL Server\130\Tools\Binn\;C:\Program Files (x86)\GtkSharp\2.12\bin;C:\Program Files (x86)\Skype\Phone\;C:\Program Files\dotnet\;C:\Program Files\MySQL\MySQL Utilities 1.6\;C:\Users\Peter\introcs\j3d\bin;C:\Users\Peter\introcs\bin;C:\Users\Peter\introcs\java\bin;C:\Ruby24-x64\bin;C:\Users\Peter\AppData\Local\Microsoft\WindowsApps;
USERNAME=Peter
OS=Windows_NT
PROCESSOR_IDENTIFIER=Intel64 Family 6 Model 78 Stepping 3, GenuineIntel



---------------  S Y S T E M  ---------------

OS: Windows 10 , 64 bit Build 16299 (10.0.16299.15)

CPU:total 4 (initial active 4) (2 cores per cpu, 2 threads per core) family 6 model 78 stepping 3, cmov, cx8, fxsr, mmx, sse, sse2, sse3, ssse3, sse4.1, sse4.2, popcnt, avx, avx2, aes, clmul, erms, 3dnowpref, lzcnt, ht, tsc, tscinvbit, bmi1, bmi2, adx, fma

Memory: 4k page, physical 8232348k(2732760k free), swap 10819184k(2284412k free)

vm_info: Java HotSpot(TM) 64-Bit Server VM (9.0.4+11) for windows-amd64 JRE (9.0.4+11), built on Dec 20 2017 02:18:54 by "mach5one" with MS VC++ 12.0 (VS2013)

END.
