#
# A fatal error has been detected by the Java Runtime Environment:
#
#  EXCEPTION_ACCESS_VIOLATION (0xc0000005) at pc=0x0000000058303c8c, pid=10504, tid=2332
#
# JRE version: Java(TM) SE Runtime Environment (9.0+11) (build 9.0.4+11)
# Java VM: Java HotSpot(TM) 64-Bit Server VM (9.0.4+11, mixed mode, tiered, compressed oops, g1 gc, windows-amd64)
# Problematic frame:
# V  [jvm.dll+0x2f3c8c]
#
# No core dump will be written. Minidumps are not enabled by default on client versions of Windows
#
# If you would like to submit a bug report, please visit:
#   http://bugreport.java.com/bugreport/crash.jsp
#

---------------  S U M M A R Y ------------

Command Line: -agentlib:jdwp=transport=dt_socket,address=127.0.0.1:57693,suspend=y,server=n -Dfile.encoding=UTF-8 com.company.Main

Host: Intel(R) Core(TM) i5-6267U CPU @ 2.90GHz, 4 cores, 7G,  Windows 10 , 64 bit Build 16299 (10.0.16299.15)
Time: Sun Mar 18 15:30:17 2018 Rom, normaltid elapsed time: 16204 seconds (0d 4h 30m 4s)

---------------  T H R E A D  ---------------

Current thread (0x0000021bbdb26800):  VMThread "VM Thread" [stack: 0x00000059e8900000,0x00000059e8a00000] [id=2332]

Stack: [0x00000059e8900000,0x00000059e8a00000],  sp=0x00000059e89ff200,  free space=1020k
Native frames: (J=compiled Java code, j=interpreted, Vv=VM code, C=native code)
V  [jvm.dll+0x2f3c8c]
V  [jvm.dll+0x2f5fe0]
V  [jvm.dll+0x2f666e]
V  [jvm.dll+0x2f3e55]
V  [jvm.dll+0x2f3293]
V  [jvm.dll+0x5784ff]
V  [jvm.dll+0x57880c]
V  [jvm.dll+0x5786b3]
V  [jvm.dll+0x578eac]
V  [jvm.dll+0x5470aa]
V  [jvm.dll+0x465311]
V  [jvm.dll+0x6a366b]
V  [jvm.dll+0x6a1e05]
V  [jvm.dll+0x6a25e1]
V  [jvm.dll+0x6a28cc]
V  [jvm.dll+0x586490]
C  [msvcr120.dll+0x24f7f]
C  [msvcr120.dll+0x25126]
C  [KERNEL32.DLL+0x11fe4]
C  [ntdll.dll+0x6efc1]


siginfo: EXCEPTION_ACCESS_VIOLATION (0xc0000005), reading address 0x0000000000000006


Register to memory mapping:

RIP=0x0000000058303c8c jvm.dll
RAX=0x0000000000000000 is an unknown value
RBX=0x0000021bbd650090 is pointing into metadata
RCX=0x0000000000000000 is an unknown value
RDX=0x0000000000000000 is an unknown value
RSP=0x00000059e89ff200 is an unknown value
RBP=0x0000000000000001 is an unknown value
RSI=0x00000000589676d8 jvm.dll
RDI=0x00000059e89ff4b0 is an unknown value
R8 =0x0000000000000000 is an unknown value
R9 =0x0000021bbd650090 is pointing into metadata
R10={method} {0x0000021bbd650590} 'main' '([Ljava/lang/String;)V' in 'com/company/Main'
R11=0x00000059e89ff260 is an unknown value
R12=0x00000059e89ff601 is an unknown value
R13=0x0000000000000000 is an unknown value
R14=0x0000000000000001 is an unknown value
R15=0x0000000000000050 is an unknown value


Registers:
RAX=0x0000000000000000, RBX=0x0000021bbd650090, RCX=0x0000000000000000, RDX=0x0000000000000000
RSP=0x00000059e89ff200, RBP=0x0000000000000001, RSI=0x00000000589676d8, RDI=0x00000059e89ff4b0
R8 =0x0000000000000000, R9 =0x0000021bbd650090, R10=0x0000021bbd650588, R11=0x00000059e89ff260
R12=0x00000059e89ff601, R13=0x0000000000000000, R14=0x0000000000000001, R15=0x0000000000000050
RIP=0x0000000058303c8c, EFLAGS=0x0000000000010206

Top of Stack: (sp=0x00000059e89ff200)
0x00000059e89ff200:   000000000000002f 00000000583075ed
0x00000059e89ff210:   00000059e89ff408 0000021bbd650588
0x00000059e89ff220:   0000005900000000 0000000058225224
0x00000059e89ff230:   8fffffff46000034 8fffffff8fffffff
0x00000059e89ff240:   00005f6d631841b3 00005f6d631841a3
0x00000059e89ff250:   0000000000000002 00000059e89ff2f0
0x00000059e89ff260:   00000059e89ff4b0 0000000058305fe0
0x00000059e89ff270:   00000059e89ff4b0 000000000000003c
0x00000059e89ff280:   0000000000000001 0000000000000002
0x00000059e89ff290:   000000000000003c 00000059e89ff601
0x00000059e89ff2a0:   0000000000000050 0000000000000055
0x00000059e89ff2b0:   0000021b9a8cb4e0 000000005830666e
0x00000059e89ff2c0:   00000059e89ff4b0 00000059e89ff320
0x00000059e89ff2d0:   0000000000000002 0000021b9a8cb4e0
0x00000059e89ff2e0:   0000000000006001 0000000058308571
0x00000059e89ff2f0:   0000021bbd650588 0000021bbdb26800 

Instructions: (pc=0x0000000058303c8c)
0x0000000058303c6c:   8b cb e8 ad 3d f2 ff 48 8b cb 8b d0 e8 a3 5f f2
0x0000000058303c7c:   ff 48 8d 35 54 3a 66 00 48 63 c8 48 8b 44 cb 48
0x0000000058303c8c:   0f b6 48 06 8b 05 3e 3a 66 00 80 f9 4c 74 2b 80
0x0000000058303c9c:   f9 5b 74 26 80 f9 4a 74 18 80 f9 44 74 13 48 8d 


VM_Operation (0x00000059e93ff1a0): GetOrSetLocal, mode: safepoint, requested by thread 0x0000021bbde76800


---------------  P R O C E S S  ---------------

Java Threads: ( => current thread )
  0x0000021bbdea8000 JavaThread "Service Thread" daemon [_thread_blocked, id=13804, stack(0x00000059e9600000,0x00000059e9700000)]
  0x0000021bbde7f000 JavaThread "JDWP Command Reader" daemon [_thread_in_native, id=14428, stack(0x00000059e9500000,0x00000059e9600000)]
  0x0000021bbde7c000 JavaThread "JDWP Event Helper Thread" daemon [_thread_blocked, id=8668, stack(0x00000059e9400000,0x00000059e9500000)]
  0x0000021bbde76800 JavaThread "JDWP Transport Listener: dt_socket" daemon [_thread_blocked, id=2484, stack(0x00000059e9300000,0x00000059e9400000)]
  0x0000021bbdc31000 JavaThread "Common-Cleaner" daemon [_thread_blocked, id=12776, stack(0x00000059e9200000,0x00000059e9300000)]
  0x0000021bbdbf9800 JavaThread "Sweeper thread" daemon [_thread_blocked, id=7732, stack(0x00000059e9100000,0x00000059e9200000)]
  0x0000021bbdbef800 JavaThread "C1 CompilerThread2" daemon [_thread_blocked, id=11040, stack(0x00000059e9000000,0x00000059e9100000)]
  0x0000021bbdbef000 JavaThread "C2 CompilerThread1" daemon [_thread_blocked, id=11172, stack(0x00000059e8f00000,0x00000059e9000000)]
  0x0000021bbdb8d000 JavaThread "C2 CompilerThread0" daemon [_thread_blocked, id=13576, stack(0x00000059e8e00000,0x00000059e8f00000)]
  0x0000021bbdb8c000 JavaThread "Attach Listener" daemon [_thread_blocked, id=12916, stack(0x00000059e8d00000,0x00000059e8e00000)]
  0x0000021bbdb87800 JavaThread "Signal Dispatcher" daemon [_thread_blocked, id=13748, stack(0x00000059e8c00000,0x00000059e8d00000)]
  0x0000021bbdb2d000 JavaThread "Finalizer" daemon [_thread_blocked, id=13084, stack(0x00000059e8b00000,0x00000059e8c00000)]
  0x0000021bbdb2b800 JavaThread "Reference Handler" daemon [_thread_blocked, id=1840, stack(0x00000059e8a00000,0x00000059e8b00000)]
  0x0000021b9a89f800 JavaThread "main" [_thread_blocked, id=5264, stack(0x00000059e7d00000,0x00000059e7e00000)]

Other Threads:
=>0x0000021bbdb26800 VMThread "VM Thread" [stack: 0x00000059e8900000,0x00000059e8a00000] [id=2332]
  0x0000021bbdea9800 WatcherThread [stack: 0x00000059e9700000,0x00000059e9800000] [id=13968]
  0x0000021b9a8b7800 GCTaskThread "GC Thread#0" [stack: 0x00000059e7e00000,0x00000059e7f00000] [id=15016]
  0x0000021b9a8b8800 GCTaskThread "GC Thread#1" [stack: 0x00000059e7f00000,0x00000059e8000000] [id=12708]
  0x0000021b9a8ba800 GCTaskThread "GC Thread#2" [stack: 0x00000059e8000000,0x00000059e8100000] [id=3524]
  0x0000021b9a8bd800 GCTaskThread "GC Thread#3" [stack: 0x00000059e8100000,0x00000059e8200000] [id=8480]
  0x0000021b9a938800 ConcurrentGCThread "G1 Main Marker" [stack: 0x00000059e8700000,0x00000059e8800000] [id=12316]
  0x0000021b9a939800 ConcurrentGCThread "G1 Marker#0" [stack: 0x00000059e8800000,0x00000059e8900000] [id=9700]
  0x0000021b9a8ce800 ConcurrentGCThread "G1 Refine#0" [stack: 0x00000059e8500000,0x00000059e8600000] [id=9496]
  0x0000021b9a8c9800 ConcurrentGCThread "G1 Refine#1" [stack: 0x00000059e8400000,0x00000059e8500000] [id=12940]
  0x0000021b9a8c7000 ConcurrentGCThread "G1 Refine#2" [stack: 0x00000059e8300000,0x00000059e8400000] [id=5872]
  0x0000021b9a8c2800 ConcurrentGCThread "G1 Refine#3" [stack: 0x00000059e8200000,0x00000059e8300000] [id=12048]
  0x0000021b9a8d0000 ConcurrentGCThread "G1 Young RemSet Sampling" [stack: 0x00000059e8600000,0x00000059e8700000] [id=14696]

Threads with active compile tasks:

VM state:at safepoint (normal execution)

VM Mutex/Monitor currently owned by a thread:  ([mutex/lock_event])
[0x0000021b9a89e080] Threads_lock - owner thread: 0x0000021bbdb26800

Heap address: 0x0000000082600000, size: 2010 MB, Compressed Oops mode: 32-bit
Narrow klass base: 0x0000000000000000, Narrow klass shift: 3
Compressed class space size: 1073741824 Address: 0x0000000100000000

Heap:
 garbage-first heap   total 129024K, used 4096K [0x0000000082600000, 0x00000000827003f0, 0x0000000100000000)
  region size 1024K, 5 young (5120K), 0 survivors (0K)
 Metaspace       used 5958K, capacity 6060K, committed 6272K, reserved 1056768K
  class space    used 562K, capacity 592K, committed 640K, reserved 1048576K
Heap Regions: E=young(eden), S=young(survivor), O=old, HS=humongous(starts), HC=humongous(continues), CS=collection set, F=free, A=archive, TS=gc time stamp, AC=allocation context, TAMS=top-at-mark-start (previous, next)
|   0|0x0000000082600000, 0x0000000082600000, 0x0000000082700000|  0%| F|  |TS  0|AC  0|TAMS 0x0000000082600000, 0x0000000082600000|
|   1|0x0000000082700000, 0x0000000082700000, 0x0000000082800000|  0%| F|  |TS  0|AC  0|TAMS 0x0000000082700000, 0x0000000082700000|
|   2|0x0000000082800000, 0x0000000082800000, 0x0000000082900000|  0%| F|  |TS  0|AC  0|TAMS 0x0000000082800000, 0x0000000082800000|
|   3|0x0000000082900000, 0x0000000082900000, 0x0000000082a00000|  0%| F|  |TS  0|AC  0|TAMS 0x0000000082900000, 0x0000000082900000|
|   4|0x0000000082a00000, 0x0000000082a00000, 0x0000000082b00000|  0%| F|  |TS  0|AC  0|TAMS 0x0000000082a00000, 0x0000000082a00000|
|   5|0x0000000082b00000, 0x0000000082b00000, 0x0000000082c00000|  0%| F|  |TS  0|AC  0|TAMS 0x0000000082b00000, 0x0000000082b00000|
|   6|0x0000000082c00000, 0x0000000082c00000, 0x0000000082d00000|  0%| F|  |TS  0|AC  0|TAMS 0x0000000082c00000, 0x0000000082c00000|
|   7|0x0000000082d00000, 0x0000000082d00000, 0x0000000082e00000|  0%| F|  |TS  0|AC  0|TAMS 0x0000000082d00000, 0x0000000082d00000|
|   8|0x0000000082e00000, 0x0000000082e00000, 0x0000000082f00000|  0%| F|  |TS  0|AC  0|TAMS 0x0000000082e00000, 0x0000000082e00000|
|   9|0x0000000082f00000, 0x0000000082f00000, 0x0000000083000000|  0%| F|  |TS  0|AC  0|TAMS 0x0000000082f00000, 0x0000000082f00000|
|  10|0x0000000083000000, 0x0000000083000000, 0x0000000083100000|  0%| F|  |TS  0|AC  0|TAMS 0x0000000083000000, 0x0000000083000000|
|  11|0x0000000083100000, 0x0000000083100000, 0x0000000083200000|  0%| F|  |TS  0|AC  0|TAMS 0x0000000083100000, 0x0000000083100000|
|  12|0x0000000083200000, 0x0000000083200000, 0x0000000083300000|  0%| F|  |TS  0|AC  0|TAMS 0x0000000083200000, 0x0000000083200000|
|  13|0x0000000083300000, 0x0000000083300000, 0x0000000083400000|  0%| F|  |TS  0|AC  0|TAMS 0x0000000083300000, 0x0000000083300000|
|  14|0x0000000083400000, 0x0000000083400000, 0x0000000083500000|  0%| F|  |TS  0|AC  0|TAMS 0x0000000083400000, 0x0000000083400000|
|  15|0x0000000083500000, 0x0000000083500000, 0x0000000083600000|  0%| F|  |TS  0|AC  0|TAMS 0x0000000083500000, 0x0000000083500000|
|  16|0x0000000083600000, 0x0000000083600000, 0x0000000083700000|  0%| F|  |TS  0|AC  0|TAMS 0x0000000083600000, 0x0000000083600000|
|  17|0x0000000083700000, 0x0000000083700000, 0x0000000083800000|  0%| F|  |TS  0|AC  0|TAMS 0x0000000083700000, 0x0000000083700000|
|  18|0x0000000083800000, 0x0000000083800000, 0x0000000083900000|  0%| F|  |TS  0|AC  0|TAMS 0x0000000083800000, 0x0000000083800000|
|  19|0x0000000083900000, 0x0000000083900000, 0x0000000083a00000|  0%| F|  |TS  0|AC  0|TAMS 0x0000000083900000, 0x0000000083900000|
|  20|0x0000000083a00000, 0x0000000083a00000, 0x0000000083b00000|  0%| F|  |TS  0|AC  0|TAMS 0x0000000083a00000, 0x0000000083a00000|
|  21|0x0000000083b00000, 0x0000000083b00000, 0x0000000083c00000|  0%| F|  |TS  0|AC  0|TAMS 0x0000000083b00000, 0x0000000083b00000|
|  22|0x0000000083c00000, 0x0000000083c00000, 0x0000000083d00000|  0%| F|  |TS  0|AC  0|TAMS 0x0000000083c00000, 0x0000000083c00000|
|  23|0x0000000083d00000, 0x0000000083d00000, 0x0000000083e00000|  0%| F|  |TS  0|AC  0|TAMS 0x0000000083d00000, 0x0000000083d00000|
|  24|0x0000000083e00000, 0x0000000083e00000, 0x0000000083f00000|  0%| F|  |TS  0|AC  0|TAMS 0x0000000083e00000, 0x0000000083e00000|
|  25|0x0000000083f00000, 0x0000000083f00000, 0x0000000084000000|  0%| F|  |TS  0|AC  0|TAMS 0x0000000083f00000, 0x0000000083f00000|
|  26|0x0000000084000000, 0x0000000084000000, 0x0000000084100000|  0%| F|  |TS  0|AC  0|TAMS 0x0000000084000000, 0x0000000084000000|
|  27|0x0000000084100000, 0x0000000084100000, 0x0000000084200000|  0%| F|  |TS  0|AC  0|TAMS 0x0000000084100000, 0x0000000084100000|
|  28|0x0000000084200000, 0x0000000084200000, 0x0000000084300000|  0%| F|  |TS  0|AC  0|TAMS 0x0000000084200000, 0x0000000084200000|
|  29|0x0000000084300000, 0x0000000084300000, 0x0000000084400000|  0%| F|  |TS  0|AC  0|TAMS 0x0000000084300000, 0x0000000084300000|
|  30|0x0000000084400000, 0x0000000084400000, 0x0000000084500000|  0%| F|  |TS  0|AC  0|TAMS 0x0000000084400000, 0x0000000084400000|
|  31|0x0000000084500000, 0x0000000084500000, 0x0000000084600000|  0%| F|  |TS  0|AC  0|TAMS 0x0000000084500000, 0x0000000084500000|
|  32|0x0000000084600000, 0x0000000084600000, 0x0000000084700000|  0%| F|  |TS  0|AC  0|TAMS 0x0000000084600000, 0x0000000084600000|
|  33|0x0000000084700000, 0x0000000084700000, 0x0000000084800000|  0%| F|  |TS  0|AC  0|TAMS 0x0000000084700000, 0x0000000084700000|
|  34|0x0000000084800000, 0x0000000084800000, 0x0000000084900000|  0%| F|  |TS  0|AC  0|TAMS 0x0000000084800000, 0x0000000084800000|
|  35|0x0000000084900000, 0x0000000084900000, 0x0000000084a00000|  0%| F|  |TS  0|AC  0|TAMS 0x0000000084900000, 0x0000000084900000|
|  36|0x0000000084a00000, 0x0000000084a00000, 0x0000000084b00000|  0%| F|  |TS  0|AC  0|TAMS 0x0000000084a00000, 0x0000000084a00000|
|  37|0x0000000084b00000, 0x0000000084b00000, 0x0000000084c00000|  0%| F|  |TS  0|AC  0|TAMS 0x0000000084b00000, 0x0000000084b00000|
|  38|0x0000000084c00000, 0x0000000084c00000, 0x0000000084d00000|  0%| F|  |TS  0|AC  0|TAMS 0x0000000084c00000, 0x0000000084c00000|
|  39|0x0000000084d00000, 0x0000000084d00000, 0x0000000084e00000|  0%| F|  |TS  0|AC  0|TAMS 0x0000000084d00000, 0x0000000084d00000|
|  40|0x0000000084e00000, 0x0000000084e00000, 0x0000000084f00000|  0%| F|  |TS  0|AC  0|TAMS 0x0000000084e00000, 0x0000000084e00000|
|  41|0x0000000084f00000, 0x0000000084f00000, 0x0000000085000000|  0%| F|  |TS  0|AC  0|TAMS 0x0000000084f00000, 0x0000000084f00000|
|  42|0x0000000085000000, 0x0000000085000000, 0x0000000085100000|  0%| F|  |TS  0|AC  0|TAMS 0x0000000085000000, 0x0000000085000000|
|  43|0x0000000085100000, 0x0000000085100000, 0x0000000085200000|  0%| F|  |TS  0|AC  0|TAMS 0x0000000085100000, 0x0000000085100000|
|  44|0x0000000085200000, 0x0000000085200000, 0x0000000085300000|  0%| F|  |TS  0|AC  0|TAMS 0x0000000085200000, 0x0000000085200000|
|  45|0x0000000085300000, 0x0000000085300000, 0x0000000085400000|  0%| F|  |TS  0|AC  0|TAMS 0x0000000085300000, 0x0000000085300000|
|  46|0x0000000085400000, 0x0000000085400000, 0x0000000085500000|  0%| F|  |TS  0|AC  0|TAMS 0x0000000085400000, 0x0000000085400000|
|  47|0x0000000085500000, 0x0000000085500000, 0x0000000085600000|  0%| F|  |TS  0|AC  0|TAMS 0x0000000085500000, 0x0000000085500000|
|  48|0x0000000085600000, 0x0000000085600000, 0x0000000085700000|  0%| F|  |TS  0|AC  0|TAMS 0x0000000085600000, 0x0000000085600000|
|  49|0x0000000085700000, 0x0000000085700000, 0x0000000085800000|  0%| F|  |TS  0|AC  0|TAMS 0x0000000085700000, 0x0000000085700000|
|  50|0x0000000085800000, 0x0000000085800000, 0x0000000085900000|  0%| F|  |TS  0|AC  0|TAMS 0x0000000085800000, 0x0000000085800000|
|  51|0x0000000085900000, 0x0000000085900000, 0x0000000085a00000|  0%| F|  |TS  0|AC  0|TAMS 0x0000000085900000, 0x0000000085900000|
|  52|0x0000000085a00000, 0x0000000085a00000, 0x0000000085b00000|  0%| F|  |TS  0|AC  0|TAMS 0x0000000085a00000, 0x0000000085a00000|
|  53|0x0000000085b00000, 0x0000000085b00000, 0x0000000085c00000|  0%| F|  |TS  0|AC  0|TAMS 0x0000000085b00000, 0x0000000085b00000|
|  54|0x0000000085c00000, 0x0000000085c00000, 0x0000000085d00000|  0%| F|  |TS  0|AC  0|TAMS 0x0000000085c00000, 0x0000000085c00000|
|  55|0x0000000085d00000, 0x0000000085d00000, 0x0000000085e00000|  0%| F|  |TS  0|AC  0|TAMS 0x0000000085d00000, 0x0000000085d00000|
|  56|0x0000000085e00000, 0x0000000085e00000, 0x0000000085f00000|  0%| F|  |TS  0|AC  0|TAMS 0x0000000085e00000, 0x0000000085e00000|
|  57|0x0000000085f00000, 0x0000000085f00000, 0x0000000086000000|  0%| F|  |TS  0|AC  0|TAMS 0x0000000085f00000, 0x0000000085f00000|
|  58|0x0000000086000000, 0x0000000086000000, 0x0000000086100000|  0%| F|  |TS  0|AC  0|TAMS 0x0000000086000000, 0x0000000086000000|
|  59|0x0000000086100000, 0x0000000086100000, 0x0000000086200000|  0%| F|  |TS  0|AC  0|TAMS 0x0000000086100000, 0x0000000086100000|
|  60|0x0000000086200000, 0x0000000086200000, 0x0000000086300000|  0%| F|  |TS  0|AC  0|TAMS 0x0000000086200000, 0x0000000086200000|
|  61|0x0000000086300000, 0x0000000086300000, 0x0000000086400000|  0%| F|  |TS  0|AC  0|TAMS 0x0000000086300000, 0x0000000086300000|
|  62|0x0000000086400000, 0x0000000086400000, 0x0000000086500000|  0%| F|  |TS  0|AC  0|TAMS 0x0000000086400000, 0x0000000086400000|
|  63|0x0000000086500000, 0x0000000086500000, 0x0000000086600000|  0%| F|  |TS  0|AC  0|TAMS 0x0000000086500000, 0x0000000086500000|
|  64|0x0000000086600000, 0x0000000086600000, 0x0000000086700000|  0%| F|  |TS  0|AC  0|TAMS 0x0000000086600000, 0x0000000086600000|
|  65|0x0000000086700000, 0x0000000086700000, 0x0000000086800000|  0%| F|  |TS  0|AC  0|TAMS 0x0000000086700000, 0x0000000086700000|
|  66|0x0000000086800000, 0x0000000086800000, 0x0000000086900000|  0%| F|  |TS  0|AC  0|TAMS 0x0000000086800000, 0x0000000086800000|
|  67|0x0000000086900000, 0x0000000086900000, 0x0000000086a00000|  0%| F|  |TS  0|AC  0|TAMS 0x0000000086900000, 0x0000000086900000|
|  68|0x0000000086a00000, 0x0000000086a00000, 0x0000000086b00000|  0%| F|  |TS  0|AC  0|TAMS 0x0000000086a00000, 0x0000000086a00000|
|  69|0x0000000086b00000, 0x0000000086b00000, 0x0000000086c00000|  0%| F|  |TS  0|AC  0|TAMS 0x0000000086b00000, 0x0000000086b00000|
|  70|0x0000000086c00000, 0x0000000086c00000, 0x0000000086d00000|  0%| F|  |TS  0|AC  0|TAMS 0x0000000086c00000, 0x0000000086c00000|
|  71|0x0000000086d00000, 0x0000000086d00000, 0x0000000086e00000|  0%| F|  |TS  0|AC  0|TAMS 0x0000000086d00000, 0x0000000086d00000|
|  72|0x0000000086e00000, 0x0000000086e00000, 0x0000000086f00000|  0%| F|  |TS  0|AC  0|TAMS 0x0000000086e00000, 0x0000000086e00000|
|  73|0x0000000086f00000, 0x0000000086f00000, 0x0000000087000000|  0%| F|  |TS  0|AC  0|TAMS 0x0000000086f00000, 0x0000000086f00000|
|  74|0x0000000087000000, 0x0000000087000000, 0x0000000087100000|  0%| F|  |TS  0|AC  0|TAMS 0x0000000087000000, 0x0000000087000000|
|  75|0x0000000087100000, 0x0000000087100000, 0x0000000087200000|  0%| F|  |TS  0|AC  0|TAMS 0x0000000087100000, 0x0000000087100000|
|  76|0x0000000087200000, 0x0000000087200000, 0x0000000087300000|  0%| F|  |TS  0|AC  0|TAMS 0x0000000087200000, 0x0000000087200000|
|  77|0x0000000087300000, 0x0000000087300000, 0x0000000087400000|  0%| F|  |TS  0|AC  0|TAMS 0x0000000087300000, 0x0000000087300000|
|  78|0x0000000087400000, 0x0000000087400000, 0x0000000087500000|  0%| F|  |TS  0|AC  0|TAMS 0x0000000087400000, 0x0000000087400000|
|  79|0x0000000087500000, 0x0000000087500000, 0x0000000087600000|  0%| F|  |TS  0|AC  0|TAMS 0x0000000087500000, 0x0000000087500000|
|  80|0x0000000087600000, 0x0000000087600000, 0x0000000087700000|  0%| F|  |TS  0|AC  0|TAMS 0x0000000087600000, 0x0000000087600000|
|  81|0x0000000087700000, 0x0000000087700000, 0x0000000087800000|  0%| F|  |TS  0|AC  0|TAMS 0x0000000087700000, 0x0000000087700000|
|  82|0x0000000087800000, 0x0000000087800000, 0x0000000087900000|  0%| F|  |TS  0|AC  0|TAMS 0x0000000087800000, 0x0000000087800000|
|  83|0x0000000087900000, 0x0000000087900000, 0x0000000087a00000|  0%| F|  |TS  0|AC  0|TAMS 0x0000000087900000, 0x0000000087900000|
|  84|0x0000000087a00000, 0x0000000087a00000, 0x0000000087b00000|  0%| F|  |TS  0|AC  0|TAMS 0x0000000087a00000, 0x0000000087a00000|
|  85|0x0000000087b00000, 0x0000000087b00000, 0x0000000087c00000|  0%| F|  |TS  0|AC  0|TAMS 0x0000000087b00000, 0x0000000087b00000|
|  86|0x0000000087c00000, 0x0000000087c00000, 0x0000000087d00000|  0%| F|  |TS  0|AC  0|TAMS 0x0000000087c00000, 0x0000000087c00000|
|  87|0x0000000087d00000, 0x0000000087d00000, 0x0000000087e00000|  0%| F|  |TS  0|AC  0|TAMS 0x0000000087d00000, 0x0000000087d00000|
|  88|0x0000000087e00000, 0x0000000087e00000, 0x0000000087f00000|  0%| F|  |TS  0|AC  0|TAMS 0x0000000087e00000, 0x0000000087e00000|
|  89|0x0000000087f00000, 0x0000000087f00000, 0x0000000088000000|  0%| F|  |TS  0|AC  0|TAMS 0x0000000087f00000, 0x0000000087f00000|
|  90|0x0000000088000000, 0x0000000088000000, 0x0000000088100000|  0%| F|  |TS  0|AC  0|TAMS 0x0000000088000000, 0x0000000088000000|
|  91|0x0000000088100000, 0x0000000088100000, 0x0000000088200000|  0%| F|  |TS  0|AC  0|TAMS 0x0000000088100000, 0x0000000088100000|
|  92|0x0000000088200000, 0x0000000088200000, 0x0000000088300000|  0%| F|  |TS  0|AC  0|TAMS 0x0000000088200000, 0x0000000088200000|
|  93|0x0000000088300000, 0x0000000088300000, 0x0000000088400000|  0%| F|  |TS  0|AC  0|TAMS 0x0000000088300000, 0x0000000088300000|
|  94|0x0000000088400000, 0x0000000088400000, 0x0000000088500000|  0%| F|  |TS  0|AC  0|TAMS 0x0000000088400000, 0x0000000088400000|
|  95|0x0000000088500000, 0x0000000088500000, 0x0000000088600000|  0%| F|  |TS  0|AC  0|TAMS 0x0000000088500000, 0x0000000088500000|
|  96|0x0000000088600000, 0x0000000088600000, 0x0000000088700000|  0%| F|  |TS  0|AC  0|TAMS 0x0000000088600000, 0x0000000088600000|
|  97|0x0000000088700000, 0x0000000088700000, 0x0000000088800000|  0%| F|  |TS  0|AC  0|TAMS 0x0000000088700000, 0x0000000088700000|
|  98|0x0000000088800000, 0x0000000088800000, 0x0000000088900000|  0%| F|  |TS  0|AC  0|TAMS 0x0000000088800000, 0x0000000088800000|
|  99|0x0000000088900000, 0x0000000088900000, 0x0000000088a00000|  0%| F|  |TS  0|AC  0|TAMS 0x0000000088900000, 0x0000000088900000|
| 100|0x0000000088a00000, 0x0000000088a00000, 0x0000000088b00000|  0%| F|  |TS  0|AC  0|TAMS 0x0000000088a00000, 0x0000000088a00000|
| 101|0x0000000088b00000, 0x0000000088b00000, 0x0000000088c00000|  0%| F|  |TS  0|AC  0|TAMS 0x0000000088b00000, 0x0000000088b00000|
| 102|0x0000000088c00000, 0x0000000088c00000, 0x0000000088d00000|  0%| F|  |TS  0|AC  0|TAMS 0x0000000088c00000, 0x0000000088c00000|
| 103|0x0000000088d00000, 0x0000000088d00000, 0x0000000088e00000|  0%| F|  |TS  0|AC  0|TAMS 0x0000000088d00000, 0x0000000088d00000|
| 104|0x0000000088e00000, 0x0000000088e00000, 0x0000000088f00000|  0%| F|  |TS  0|AC  0|TAMS 0x0000000088e00000, 0x0000000088e00000|
| 105|0x0000000088f00000, 0x0000000088f00000, 0x0000000089000000|  0%| F|  |TS  0|AC  0|TAMS 0x0000000088f00000, 0x0000000088f00000|
| 106|0x0000000089000000, 0x0000000089000000, 0x0000000089100000|  0%| F|  |TS  0|AC  0|TAMS 0x0000000089000000, 0x0000000089000000|
| 107|0x0000000089100000, 0x0000000089100000, 0x0000000089200000|  0%| F|  |TS  0|AC  0|TAMS 0x0000000089100000, 0x0000000089100000|
| 108|0x0000000089200000, 0x0000000089200000, 0x0000000089300000|  0%| F|  |TS  0|AC  0|TAMS 0x0000000089200000, 0x0000000089200000|
| 109|0x0000000089300000, 0x0000000089300000, 0x0000000089400000|  0%| F|  |TS  0|AC  0|TAMS 0x0000000089300000, 0x0000000089300000|
| 110|0x0000000089400000, 0x0000000089400000, 0x0000000089500000|  0%| F|  |TS  0|AC  0|TAMS 0x0000000089400000, 0x0000000089400000|
| 111|0x0000000089500000, 0x0000000089500000, 0x0000000089600000|  0%| F|  |TS  0|AC  0|TAMS 0x0000000089500000, 0x0000000089500000|
| 112|0x0000000089600000, 0x0000000089600000, 0x0000000089700000|  0%| F|  |TS  0|AC  0|TAMS 0x0000000089600000, 0x0000000089600000|
| 113|0x0000000089700000, 0x0000000089700000, 0x0000000089800000|  0%| F|  |TS  0|AC  0|TAMS 0x0000000089700000, 0x0000000089700000|
| 114|0x0000000089800000, 0x0000000089800000, 0x0000000089900000|  0%| F|  |TS  0|AC  0|TAMS 0x0000000089800000, 0x0000000089800000|
| 115|0x0000000089900000, 0x0000000089900000, 0x0000000089a00000|  0%| F|  |TS  0|AC  0|TAMS 0x0000000089900000, 0x0000000089900000|
| 116|0x0000000089a00000, 0x0000000089a00000, 0x0000000089b00000|  0%| F|  |TS  0|AC  0|TAMS 0x0000000089a00000, 0x0000000089a00000|
| 117|0x0000000089b00000, 0x0000000089b00000, 0x0000000089c00000|  0%| F|  |TS  0|AC  0|TAMS 0x0000000089b00000, 0x0000000089b00000|
| 118|0x0000000089c00000, 0x0000000089c00000, 0x0000000089d00000|  0%| F|  |TS  0|AC  0|TAMS 0x0000000089c00000, 0x0000000089c00000|
| 119|0x0000000089d00000, 0x0000000089d00000, 0x0000000089e00000|  0%| F|  |TS  0|AC  0|TAMS 0x0000000089d00000, 0x0000000089d00000|
| 120|0x0000000089e00000, 0x0000000089e00000, 0x0000000089f00000|  0%| F|  |TS  0|AC  0|TAMS 0x0000000089e00000, 0x0000000089e00000|
| 121|0x0000000089f00000, 0x0000000089f90398, 0x000000008a000000| 56%| E|  |TS  0|AC  0|TAMS 0x0000000089f00000, 0x0000000089f00000|
| 122|0x000000008a000000, 0x000000008a100000, 0x000000008a100000|100%| E|CS|TS  0|AC  0|TAMS 0x000000008a000000, 0x000000008a000000|
| 123|0x000000008a100000, 0x000000008a200000, 0x000000008a200000|100%| E|CS|TS  0|AC  0|TAMS 0x000000008a100000, 0x000000008a100000|
| 124|0x000000008a200000, 0x000000008a300000, 0x000000008a300000|100%| E|CS|TS  0|AC  0|TAMS 0x000000008a200000, 0x000000008a200000|
| 125|0x000000008a300000, 0x000000008a400000, 0x000000008a400000|100%| E|CS|TS  0|AC  0|TAMS 0x000000008a300000, 0x000000008a300000|

Card table byte_map: [0x0000021bb65c0000,0x0000021bb69b0000] byte_map_base: 0x0000021bb61ad000

Marking Bits (Prev, Next): (CMBitMap*) 0x0000021b9a9376b0, (CMBitMap*) 0x0000021b9a9376e8
 Prev Bits: [0x0000021bb6da0000, 0x0000021bb8d08000)
 Next Bits: [0x0000021bb8d10000, 0x0000021bbac78000)

Polling page: 0x0000021b98670000

CodeHeap 'non-profiled nmethods': size=120064Kb used=87Kb max_used=87Kb free=119976Kb
 bounds [0x0000021bae370000, 0x0000021bae5e0000, 0x0000021bb58b0000]
CodeHeap 'profiled nmethods': size=120000Kb used=602Kb max_used=602Kb free=119397Kb
 bounds [0x0000021ba6e40000, 0x0000021ba70b0000, 0x0000021bae370000]
CodeHeap 'non-nmethods': size=5696Kb used=1171Kb max_used=1184Kb free=4524Kb
 bounds [0x0000021ba68b0000, 0x0000021ba6b20000, 0x0000021ba6e40000]
 total_blobs=692 nmethods=308 adapters=219
 compilation: enabled

Compilation events (10 events):
Event: 0.374 Thread 0x0000021bbdbef800  306       3       java.util.ArrayList::add (65 bytes)
Event: 0.375 Thread 0x0000021bbdbef800 nmethod 306 0x0000021ba6ed4790 code [0x0000021ba6ed49e0, 0x0000021ba6ed5310]
Event: 0.375 Thread 0x0000021bbdbef800  297       3       java.net.URL::<init> (8 bytes)
Event: 0.375 Thread 0x0000021bbdbef800 nmethod 297 0x0000021ba6ed5710 code [0x0000021ba6ed58c0, 0x0000021ba6ed5a70]
Event: 0.375 Thread 0x0000021bbdbef800  294       3       java.lang.String::indexOf (18 bytes)
Event: 0.375 Thread 0x0000021bbdbef800 nmethod 294 0x0000021ba6ed5b10 code [0x0000021ba6ed5ce0, 0x0000021ba6ed6190]
Event: 0.375 Thread 0x0000021bbdbef800  295       3       java.lang.ref.Finalizer::register (10 bytes)
Event: 0.376 Thread 0x0000021bbdbef800 nmethod 295 0x0000021ba6ed6310 code [0x0000021ba6ed6500, 0x0000021ba6ed69f0]
Event: 0.376 Thread 0x0000021bbdbef800  296       1       java.lang.Package$VersionInfo::access$600 (5 bytes)
Event: 0.376 Thread 0x0000021bbdbef800 nmethod 296 0x0000021bae385b90 code [0x0000021bae385d40, 0x0000021bae385e38]

GC Heap History (0 events):
No events

Deoptimization events (0 events):
No events

Classes redefined (5 events):
Event: 216.323 Thread 0x0000021bbdb26800 redefined class name=com.company.Main, count=1
Event: 15762.697 Thread 0x0000021bbdb26800 redefined class name=com.company.Main, count=2
Event: 16077.384 Thread 0x0000021bbdb26800 redefined class name=com.company.Main, count=3
Event: 16113.545 Thread 0x0000021bbdb26800 redefined class name=com.company.Main, count=4
Event: 16204.573 Thread 0x0000021bbdb26800 redefined class name=com.company.Main, count=5

Internal exceptions (0 events):
No events

Events (10 events):
Event: 16113.546 Executing VM operation: GetFrameLocation done
Event: 16204.572 Executing VM operation: RedefineClasses
Event: 16204.574 Executing VM operation: RedefineClasses done
Event: 16204.576 Executing VM operation: GetFrameCount
Event: 16204.576 Executing VM operation: GetFrameCount done
Event: 16204.577 Executing VM operation: GetFrameCount
Event: 16204.577 Executing VM operation: GetFrameCount done
Event: 16204.577 Executing VM operation: GetFrameLocation
Event: 16204.577 Executing VM operation: GetFrameLocation done
Event: 16204.616 Executing VM operation: GetOrSetLocal


Dynamic libraries:
0x00007ff6c14f0000 - 0x00007ff6c152e000 	C:\Program Files\Java\jdk-9.0.4\bin\java.exe
0x00007ffbba150000 - 0x00007ffbba330000 	C:\WINDOWS\SYSTEM32\ntdll.dll
0x00007ffbb9700000 - 0x00007ffbb97ae000 	C:\WINDOWS\System32\KERNEL32.DLL
0x00007ffbb73b0000 - 0x00007ffbb7616000 	C:\WINDOWS\System32\KERNELBASE.dll
0x00007ffbb7be0000 - 0x00007ffbb7c81000 	C:\WINDOWS\System32\ADVAPI32.dll
0x00007ffbb7d40000 - 0x00007ffbb7ddd000 	C:\WINDOWS\System32\msvcrt.dll
0x00007ffbb7a30000 - 0x00007ffbb7a8b000 	C:\WINDOWS\System32\sechost.dll
0x00007ffbb9a30000 - 0x00007ffbb9b4f000 	C:\WINDOWS\System32\RPCRT4.dll
0x00007ffbb7de0000 - 0x00007ffbb7f6f000 	C:\WINDOWS\System32\USER32.dll
0x00007ffbb72e0000 - 0x00007ffbb7300000 	C:\WINDOWS\System32\win32u.dll
0x00007ffbb7d10000 - 0x00007ffbb7d38000 	C:\WINDOWS\System32\GDI32.dll
0x00007ffbb6550000 - 0x00007ffbb66e3000 	C:\WINDOWS\System32\gdi32full.dll
0x00007ffbb6fa0000 - 0x00007ffbb703b000 	C:\WINDOWS\System32\msvcp_win.dll
0x00007ffbb6750000 - 0x00007ffbb6846000 	C:\WINDOWS\System32\ucrtbase.dll
0x00007ffba9900000 - 0x00007ffba9b69000 	C:\WINDOWS\WinSxS\amd64_microsoft.windows.common-controls_6595b64144ccf1df_6.0.16299.251_none_15c7cfda9365a4c7\COMCTL32.dll
0x00007ffbb76c0000 - 0x00007ffbb79c8000 	C:\WINDOWS\System32\combase.dll
0x00007ffbaf320000 - 0x00007ffbaf32a000 	C:\WINDOWS\SYSTEM32\VERSION.dll
0x00007ffbb7260000 - 0x00007ffbb72d2000 	C:\WINDOWS\System32\bcryptPrimitives.dll
0x00007ffbb8110000 - 0x00007ffbb813d000 	C:\WINDOWS\System32\IMM32.DLL
0x00007ffba25a0000 - 0x00007ffba268f000 	C:\Program Files\Java\jdk-9.0.4\bin\msvcr120.dll
0x00007ffb9c9e0000 - 0x00007ffb9ca86000 	C:\Program Files\Java\jdk-9.0.4\bin\msvcp120.dll
0x0000000058010000 - 0x0000000058a35000 	C:\Program Files\Java\jdk-9.0.4\bin\server\jvm.dll
0x00007ffbba0f0000 - 0x00007ffbba0f8000 	C:\WINDOWS\System32\PSAPI.DLL
0x00007ffbb22e0000 - 0x00007ffbb22e9000 	C:\WINDOWS\SYSTEM32\WSOCK32.dll
0x00007ffbb9580000 - 0x00007ffbb95ec000 	C:\WINDOWS\System32\WS2_32.dll
0x00007ffbade70000 - 0x00007ffbade93000 	C:\WINDOWS\SYSTEM32\WINMM.dll
0x00007ffbadcd0000 - 0x00007ffbadcfa000 	C:\WINDOWS\SYSTEM32\WINMMBASE.dll
0x00007ffbb7210000 - 0x00007ffbb725a000 	C:\WINDOWS\System32\cfgmgr32.dll
0x00007ffbb0320000 - 0x00007ffbb032f000 	C:\Program Files\Java\jdk-9.0.4\bin\verify.dll
0x00007ffbb02f0000 - 0x00007ffbb0317000 	C:\Program Files\Java\jdk-9.0.4\bin\java.dll
0x00007ffba3ba0000 - 0x00007ffba3bd6000 	C:\Program Files\Java\jdk-9.0.4\bin\jdwp.dll
0x00007ffbae350000 - 0x00007ffbae366000 	C:\Program Files\Java\jdk-9.0.4\bin\zip.dll
0x00007ffbae2b0000 - 0x00007ffbae2ba000 	C:\Program Files\Java\jdk-9.0.4\bin\jimage.dll
0x00007ffbb8140000 - 0x00007ffbb9576000 	C:\WINDOWS\System32\SHELL32.dll
0x00007ffbb97b0000 - 0x00007ffbb9856000 	C:\WINDOWS\System32\shcore.dll
0x00007ffbb6850000 - 0x00007ffbb6f97000 	C:\WINDOWS\System32\windows.storage.dll
0x00007ffbb79d0000 - 0x00007ffbb7a21000 	C:\WINDOWS\System32\shlwapi.dll
0x00007ffbb64e0000 - 0x00007ffbb64f1000 	C:\WINDOWS\System32\kernel.appcore.dll
0x00007ffbb6500000 - 0x00007ffbb654c000 	C:\WINDOWS\System32\powrprof.dll
0x00007ffbb64c0000 - 0x00007ffbb64db000 	C:\WINDOWS\System32\profapi.dll
0x00007ffba9d50000 - 0x00007ffba9d6a000 	C:\Program Files\Java\jdk-9.0.4\bin\net.dll
0x00007ffbad440000 - 0x00007ffbad51e000 	C:\WINDOWS\SYSTEM32\WINHTTP.dll
0x00007ffbb5cd0000 - 0x00007ffbb5d36000 	C:\WINDOWS\system32\mswsock.dll
0x00007ffba6160000 - 0x00007ffba6171000 	C:\Program Files\Java\jdk-9.0.4\bin\nio.dll
0x00007ffba8970000 - 0x00007ffba897a000 	C:\Program Files\Java\jdk-9.0.4\bin\dt_socket.dll
0x00007ffbb14f0000 - 0x00007ffbb16b8000 	C:\WINDOWS\SYSTEM32\dbghelp.dll

VM Arguments:
jvm_args: -agentlib:jdwp=transport=dt_socket,address=127.0.0.1:57693,suspend=y,server=n -Dfile.encoding=UTF-8 
java_command: com.company.Main
java_class_path (initial): D:\JavaProjects\Project-V2\out\production\Project-V2;D:\JavaProjects\Project-V2\lib\antlr-4.7.1-complete.jar;D:\IntiliJ\IntelliJ IDEA Community Edition 2017.3.5\lib\idea_rt.jar
Launcher Type: SUN_STANDARD

Logging:
Log output configuration:
#0: stdout all=warning uptime,level,tags
#1: stderr all=off uptime,level,tags

Environment Variables:
CLASSPATH=.;D:\download\antlr-4.5.3-complete.jar
PATH=C:\ProgramData\Oracle\Java\javapath;C:\Program Files\ImageMagick-7.0.3-Q16;C:\Program Files (x86)\Intel\iCLS Client\;C:\Program Files\Intel\iCLS Client\;C:\WINDOWS\system32;C:\WINDOWS;C:\WINDOWS\System32\Wbem;C:\WINDOWS\System32\WindowsPowerShell\v1.0\;C:\Program Files (x86)\Intel\Intel(R) Management Engine Components\DAL;C:\Program Files\Intel\Intel(R) Management Engine Components\DAL;C:\Program Files (x86)\Intel\Intel(R) Management Engine Components\IPT;C:\Program Files\Intel\Intel(R) Management Engine Components\IPT;C:\Users\Peter\.dnx\bin;C:\Program Files\Microsoft DNX\Dnvm\;C:\Program Files\Microsoft SQL Server\130\Tools\Binn\;C:\Program Files (x86)\GtkSharp\2.12\bin;C:\Program Files (x86)\Skype\Phone\;C:\Program Files\dotnet\;C:\Program Files\MySQL\MySQL Utilities 1.6\;C:\Users\Peter\introcs\j3d\bin;C:\Users\Peter\introcs\bin;C:\Users\Peter\introcs\java\bin;C:\Ruby24-x64\bin;C:\Users\Peter\AppData\Local\Microsoft\WindowsApps;
USERNAME=Peter
OS=Windows_NT
PROCESSOR_IDENTIFIER=Intel64 Family 6 Model 78 Stepping 3, GenuineIntel



---------------  S Y S T E M  ---------------

OS: Windows 10 , 64 bit Build 16299 (10.0.16299.15)

CPU:total 4 (initial active 4) (2 cores per cpu, 2 threads per core) family 6 model 78 stepping 3, cmov, cx8, fxsr, mmx, sse, sse2, sse3, ssse3, sse4.1, sse4.2, popcnt, avx, avx2, aes, clmul, erms, 3dnowpref, lzcnt, ht, tsc, tscinvbit, bmi1, bmi2, adx, fma

Memory: 4k page, physical 8232348k(2734036k free), swap 10819184k(2285436k free)

vm_info: Java HotSpot(TM) 64-Bit Server VM (9.0.4+11) for windows-amd64 JRE (9.0.4+11), built on Dec 20 2017 02:18:54 by "mach5one" with MS VC++ 12.0 (VS2013)

END.
